<?xml version="1.0" encoding="UTF-8"?>
<!-- Generated by org.testng.reporters.JUnitReportReporter -->
<testsuite skipped="0" hostname="DELL-PC" name="TestCases.LoginRegisterPageTest" tests="1" failures="0" timestamp="28 Mar 2019 07:37:39 GMT" time="17.844" errors="0">
  <testcase name="EnterEmailTest" time="17.844" classname="TestCases.LoginRegisterPageTest"/>
</testsuite> <!-- TestCases.LoginRegisterPageTest -->
