<?xml version="1.0" encoding="UTF-8"?>
<!-- Generated by org.testng.reporters.JUnitReportReporter -->
<testsuite skipped="0" hostname="DELL-PC" name="TestCases.HomePageTest" tests="1" failures="0" timestamp="28 Mar 2019 07:34:23 GMT" time="22.042" errors="0">
  <testcase name="RegisterationTest" time="22.042" classname="TestCases.HomePageTest"/>
</testsuite> <!-- TestCases.HomePageTest -->
