<?xml version="1.0" encoding="UTF-8"?>
<!-- Generated by org.testng.reporters.JUnitReportReporter -->
<testsuite skipped="0" hostname="DELL-PC" name="TestCases.CreateAccountPageTest" tests="2" failures="0" timestamp="28 Mar 2019 07:44:11 GMT" time="137.137" errors="0">
  <testcase name="createAccountTest" time="113.482" classname="TestCases.CreateAccountPageTest"/>
  <testcase name="createAccountTest" time="23.655" classname="TestCases.CreateAccountPageTest"/>
</testsuite> <!-- TestCases.CreateAccountPageTest -->
